<?xml version="1.0" encoding="UTF-8" ?>
<testsuite tests="10" failures="0" name="transform.utils.TypeMappingTest" time="0.102" errors="0" skipped="0">
  <properties>
[...]
</properties>
  <testcase classname="transform.utils.TypeMappingTest" name="testFromJExpr2KExpr[0]" time="0.059"/>
  <testcase classname="transform.utils.TypeMappingTest" name="testFromJExpr2KExpr[1]" time="0.003"/>
  <testcase classname="transform.utils.TypeMappingTest" name="testFromJExpr2KExpr[2]" time="0.004"/>
  <testcase classname="transform.utils.TypeMappingTest" name="testFromJExpr2KExpr[3]" time="0.005"/>
  <testcase classname="transform.utils.TypeMappingTest" name="testFromJExpr2KExpr[4]" time="0.005"/>
  <testcase classname="transform.utils.TypeMappingTest" name="testFromJExpr2KExpr[5]" time="0.005"/>
  <testcase classname="transform.utils.TypeMappingTest" name="testFromJExpr2KExpr[6]" time="0.005"/>
  <testcase classname="transform.utils.TypeMappingTest" name="testFromJExpr2KExpr[7]" time="0.005"/>
  <testcase classname="transform.utils.TypeMappingTest" name="testFromJExpr2KExpr[8]" time="0.005"/>
  <testcase classname="transform.utils.TypeMappingTest" name="testFromJExpr2KExpr[9]" time="0.006"/>
</testsuite>